<?xml version="1.0" encoding="UTF-8"?>
<testng-results skipped="0" failed="1" ignored="0" total="3" passed="2">
  <reporter-output>
  </reporter-output>
  <suite name="Default suite" duration-ms="41701" started-at="2022-03-08T15:38:20 IST" finished-at="2022-03-08T15:39:02 IST">
    <groups>
    </groups>
    <test name="Default test" duration-ms="41701" started-at="2022-03-08T15:38:20 IST" finished-at="2022-03-08T15:39:02 IST">
      <class name="KTCTC.regression.TextBoxTest">
        <test-method status="PASS" signature="beforeSuite()[pri:0, instance:KTCTC.regression.TextBoxTest@44a3ec6b]" name="beforeSuite" is-config="true" duration-ms="282" started-at="2022-03-08T15:38:20 IST" finished-at="2022-03-08T15:38:20 IST">
          <reporter-output>
          </reporter-output>
        </test-method> <!-- beforeSuite -->
        <test-method status="PASS" signature="beforeClassOfA()[pri:0, instance:KTCTC.regression.TextBoxTest@44a3ec6b]" name="beforeClassOfA" is-config="true" duration-ms="14399" started-at="2022-03-08T15:38:20 IST" finished-at="2022-03-08T15:38:34 IST">
          <reporter-output>
          </reporter-output>
        </test-method> <!-- beforeClassOfA -->
        <test-method status="PASS" signature="beforeMethod(java.lang.reflect.Method)[pri:0, instance:KTCTC.regression.TextBoxTest@44a3ec6b]" name="beforeMethod" is-config="true" duration-ms="16" started-at="2022-03-08T15:38:34 IST" finished-at="2022-03-08T15:38:34 IST">
          <params>
            <param index="0">
              <value>
                <![CDATA[public void KTCTC.regression.TextBoxTest.verifyUsercanNavigateToTextBoxPage()]]>
              </value>
            </param>
          </params>
          <reporter-output>
          </reporter-output>
        </test-method> <!-- beforeMethod -->
        <test-method status="PASS" signature="verifyUsercanNavigateToTextBoxPage()[pri:1, instance:KTCTC.regression.TextBoxTest@44a3ec6b]" name="verifyUsercanNavigateToTextBoxPage" duration-ms="2340" started-at="2022-03-08T15:38:34 IST" finished-at="2022-03-08T15:38:37 IST">
          <reporter-output>
          </reporter-output>
        </test-method> <!-- verifyUsercanNavigateToTextBoxPage -->
        <test-method status="PASS" signature="afterMethod(org.testng.ITestResult)[pri:0, instance:KTCTC.regression.TextBoxTest@44a3ec6b]" name="afterMethod" is-config="true" duration-ms="0" started-at="2022-03-08T15:38:37 IST" finished-at="2022-03-08T15:38:37 IST">
          <params>
            <param index="0">
              <value>
                <![CDATA[[TestResult name=verifyUsercanNavigateToTextBoxPage status=SUCCESS method=TextBoxTest.verifyUsercanNavigateToTextBoxPage()[pri:1, instance:KTCTC.regression.TextBoxTest@44a3ec6b] output={null}]]]>
              </value>
            </param>
          </params>
          <reporter-output>
          </reporter-output>
        </test-method> <!-- afterMethod -->
        <test-method status="PASS" signature="beforeMethod(java.lang.reflect.Method)[pri:0, instance:KTCTC.regression.TextBoxTest@44a3ec6b]" name="beforeMethod" is-config="true" duration-ms="8" started-at="2022-03-08T15:38:37 IST" finished-at="2022-03-08T15:38:37 IST">
          <params>
            <param index="0">
              <value>
                <![CDATA[public void KTCTC.regression.TextBoxTest.addingDetailsOfUserOnTextBoxPage()]]>
              </value>
            </param>
          </params>
          <reporter-output>
          </reporter-output>
        </test-method> <!-- beforeMethod -->
        <test-method status="PASS" signature="addingDetailsOfUserOnTextBoxPage()[pri:2, instance:KTCTC.regression.TextBoxTest@44a3ec6b]" name="addingDetailsOfUserOnTextBoxPage" duration-ms="3791" started-at="2022-03-08T15:38:37 IST" finished-at="2022-03-08T15:38:41 IST">
          <reporter-output>
          </reporter-output>
        </test-method> <!-- addingDetailsOfUserOnTextBoxPage -->
        <test-method status="PASS" signature="afterMethod(org.testng.ITestResult)[pri:0, instance:KTCTC.regression.TextBoxTest@44a3ec6b]" name="afterMethod" is-config="true" duration-ms="8" started-at="2022-03-08T15:38:41 IST" finished-at="2022-03-08T15:38:41 IST">
          <params>
            <param index="0">
              <value>
                <![CDATA[[TestResult name=addingDetailsOfUserOnTextBoxPage status=SUCCESS method=TextBoxTest.addingDetailsOfUserOnTextBoxPage()[pri:2, instance:KTCTC.regression.TextBoxTest@44a3ec6b] output={null}]]]>
              </value>
            </param>
          </params>
          <reporter-output>
          </reporter-output>
        </test-method> <!-- afterMethod -->
        <test-method status="PASS" signature="beforeMethod(java.lang.reflect.Method)[pri:0, instance:KTCTC.regression.TextBoxTest@44a3ec6b]" name="beforeMethod" is-config="true" duration-ms="0" started-at="2022-03-08T15:38:41 IST" finished-at="2022-03-08T15:38:41 IST">
          <params>
            <param index="0">
              <value>
                <![CDATA[public void KTCTC.regression.TextBoxTest.verifyAddedDetailsAreSucessfull()]]>
              </value>
            </param>
          </params>
          <reporter-output>
          </reporter-output>
        </test-method> <!-- beforeMethod -->
        <test-method status="FAIL" signature="verifyAddedDetailsAreSucessfull()[pri:3, instance:KTCTC.regression.TextBoxTest@44a3ec6b]" name="verifyAddedDetailsAreSucessfull" duration-ms="8707" started-at="2022-03-08T15:38:41 IST" finished-at="2022-03-08T15:38:49 IST">
          <exception class="org.openqa.selenium.NoSuchElementException">
            <message>
              <![CDATA[Cannot locate an element using xpath=//*[@id='email' and contains(text(),'@')]//preceding-sibling::p[1]
For documentation on this error, please visit: https://www.seleniumhq.org/exceptions/no_such_element.html
Build info: version: '3.141.59', revision: 'e82be7d358', time: '2018-11-14T08:17:03'
System info: host: 'LAPTOP-U0S2ADUM', ip: '192.168.43.221', os.name: 'Windows 10', os.arch: 'amd64', os.version: '10.0', java.version: '1.8.0_311'
Driver info: driver.version: RemoteWebDriver]]>
            </message>
            <full-stacktrace>
              <![CDATA[org.openqa.selenium.NoSuchElementException: Cannot locate an element using xpath=//*[@id='email' and contains(text(),'@')]//preceding-sibling::p[1]
For documentation on this error, please visit: https://www.seleniumhq.org/exceptions/no_such_element.html
Build info: version: '3.141.59', revision: 'e82be7d358', time: '2018-11-14T08:17:03'
System info: host: 'LAPTOP-U0S2ADUM', ip: '192.168.43.221', os.name: 'Windows 10', os.arch: 'amd64', os.version: '10.0', java.version: '1.8.0_311'
Driver info: driver.version: RemoteWebDriver
at org.openqa.selenium.remote.RemoteWebDriver.findElement(RemoteWebDriver.java:327)
at org.openqa.selenium.remote.RemoteWebDriver.findElementByXPath(RemoteWebDriver.java:428)
at org.openqa.selenium.By$ByXPath.findElement(By.java:353)
at org.openqa.selenium.remote.RemoteWebDriver.findElement(RemoteWebDriver.java:315)
at com.uiFramework.KTCTC.Pages.TextBoxPage.getalldetailsOfAddedUser(TextBoxPage.java:76)
at KTCTC.regression.TextBoxTest.verifyAddedDetailsAreSucessfull(TextBoxTest.java:46)
at sun.reflect.NativeMethodAccessorImpl.invoke0(Native Method)
at sun.reflect.NativeMethodAccessorImpl.invoke(Unknown Source)
at sun.reflect.DelegatingMethodAccessorImpl.invoke(Unknown Source)
at java.lang.reflect.Method.invoke(Unknown Source)
at org.testng.internal.MethodInvocationHelper.invokeMethod(MethodInvocationHelper.java:133)
at org.testng.internal.TestInvoker.invokeMethod(TestInvoker.java:598)
at org.testng.internal.TestInvoker.invokeTestMethod(TestInvoker.java:173)
at org.testng.internal.MethodRunner.runInSequence(MethodRunner.java:46)
at org.testng.internal.TestInvoker$MethodInvocationAgent.invoke(TestInvoker.java:824)
at org.testng.internal.TestInvoker.invokeTestMethods(TestInvoker.java:146)
at org.testng.internal.TestMethodWorker.invokeTestMethods(TestMethodWorker.java:146)
at org.testng.internal.TestMethodWorker.run(TestMethodWorker.java:128)
at java.util.ArrayList.forEach(Unknown Source)
at org.testng.TestRunner.privateRun(TestRunner.java:794)
at org.testng.TestRunner.run(TestRunner.java:596)
at org.testng.SuiteRunner.runTest(SuiteRunner.java:377)
at org.testng.SuiteRunner.runSequentially(SuiteRunner.java:371)
at org.testng.SuiteRunner.privateRun(SuiteRunner.java:332)
at org.testng.SuiteRunner.run(SuiteRunner.java:276)
at org.testng.SuiteRunnerWorker.runSuite(SuiteRunnerWorker.java:53)
at org.testng.SuiteRunnerWorker.run(SuiteRunnerWorker.java:96)
at org.testng.TestNG.runSuitesSequentially(TestNG.java:1212)
at org.testng.TestNG.runSuitesLocally(TestNG.java:1134)
at org.testng.TestNG.runSuites(TestNG.java:1063)
at org.testng.TestNG.run(TestNG.java:1031)
at org.testng.remote.AbstractRemoteTestNG.run(AbstractRemoteTestNG.java:115)
at org.testng.remote.RemoteTestNG.initAndRun(RemoteTestNG.java:251)
at org.testng.remote.RemoteTestNG.main(RemoteTestNG.java:77)
]]>
            </full-stacktrace>
          </exception> <!-- org.openqa.selenium.NoSuchElementException -->
          <reporter-output>
          </reporter-output>
        </test-method> <!-- verifyAddedDetailsAreSucessfull -->
        <test-method status="FAIL" signature="afterMethod(org.testng.ITestResult)[pri:0, instance:KTCTC.regression.TextBoxTest@44a3ec6b]" name="afterMethod" is-config="true" duration-ms="12298" started-at="2022-03-08T15:38:49 IST" finished-at="2022-03-08T15:39:02 IST">
          <params>
            <param index="0">
              <value>
                <![CDATA[[TestResult name=verifyAddedDetailsAreSucessfull status=FAILURE method=TextBoxTest.verifyAddedDetailsAreSucessfull()[pri:3, instance:KTCTC.regression.TextBoxTest@44a3ec6b] output={null}]]]>
              </value>
            </param>
          </params>
          <exception class="org.openqa.selenium.WebDriverException">
            <message>
              <![CDATA[chrome not reachable
  (Session info: chrome=99.0.4844.51)
Build info: version: '3.141.59', revision: 'e82be7d358', time: '2018-11-14T08:17:03'
System info: host: 'LAPTOP-U0S2ADUM', ip: '192.168.43.221', os.name: 'Windows 10', os.arch: 'amd64', os.version: '10.0', java.version: '1.8.0_311'
Driver info: org.openqa.selenium.chrome.ChromeDriver
Capabilities {acceptInsecureCerts: false, browserName: chrome, browserVersion: 99.0.4844.51, chrome: {chromedriverVersion: 99.0.4844.51 (d537ec02474b5..., userDataDir: C:\Windows\TEMP\scoped_dir1...}, goog:chromeOptions: {debuggerAddress: localhost:59784}, javascriptEnabled: true, networkConnectionEnabled: false, pageLoadStrategy: normal, platform: WINDOWS, platformName: WINDOWS, proxy: Proxy(), setWindowRect: true, strictFileInteractability: false, timeouts: {implicit: 0, pageLoad: 300000, script: 30000}, unhandledPromptBehavior: dismiss and notify, webauthn:extension:credBlob: true, webauthn:extension:largeBlob: true, webauthn:virtualAuthenticators: true}
Session ID: 14804dbebc6132c0868184ead45df18c]]>
            </message>
            <full-stacktrace>
              <![CDATA[org.openqa.selenium.WebDriverException: chrome not reachable
  (Session info: chrome=99.0.4844.51)
Build info: version: '3.141.59', revision: 'e82be7d358', time: '2018-11-14T08:17:03'
System info: host: 'LAPTOP-U0S2ADUM', ip: '192.168.43.221', os.name: 'Windows 10', os.arch: 'amd64', os.version: '10.0', java.version: '1.8.0_311'
Driver info: org.openqa.selenium.chrome.ChromeDriver
Capabilities {acceptInsecureCerts: false, browserName: chrome, browserVersion: 99.0.4844.51, chrome: {chromedriverVersion: 99.0.4844.51 (d537ec02474b5..., userDataDir: C:\Windows\TEMP\scoped_dir1...}, goog:chromeOptions: {debuggerAddress: localhost:59784}, javascriptEnabled: true, networkConnectionEnabled: false, pageLoadStrategy: normal, platform: WINDOWS, platformName: WINDOWS, proxy: Proxy(), setWindowRect: true, strictFileInteractability: false, timeouts: {implicit: 0, pageLoad: 300000, script: 30000}, unhandledPromptBehavior: dismiss and notify, webauthn:extension:credBlob: true, webauthn:extension:largeBlob: true, webauthn:virtualAuthenticators: true}
Session ID: 14804dbebc6132c0868184ead45df18c
at sun.reflect.NativeConstructorAccessorImpl.newInstance0(Native Method)
at sun.reflect.NativeConstructorAccessorImpl.newInstance(Unknown Source)
at sun.reflect.DelegatingConstructorAccessorImpl.newInstance(Unknown Source)
at java.lang.reflect.Constructor.newInstance(Unknown Source)
at org.openqa.selenium.remote.http.W3CHttpResponseCodec.createException(W3CHttpResponseCodec.java:187)
at org.openqa.selenium.remote.http.W3CHttpResponseCodec.decode(W3CHttpResponseCodec.java:122)
at org.openqa.selenium.remote.http.W3CHttpResponseCodec.decode(W3CHttpResponseCodec.java:49)
at org.openqa.selenium.remote.HttpCommandExecutor.execute(HttpCommandExecutor.java:158)
at org.openqa.selenium.remote.service.DriverCommandExecutor.execute(DriverCommandExecutor.java:83)
at org.openqa.selenium.remote.RemoteWebDriver.execute(RemoteWebDriver.java:552)
at org.openqa.selenium.remote.RemoteWebDriver.execute(RemoteWebDriver.java:609)
at org.openqa.selenium.remote.RemoteWebDriver.getScreenshotAs(RemoteWebDriver.java:295)
at com.uiFramework.KTCTC.helper.getScreenShot.CaptureScreen.getScreenShot(CaptureScreen.java:31)
at com.uiFramework.KTCTC.testbase.TestBase.afterMethod(TestBase.java:66)
at sun.reflect.NativeMethodAccessorImpl.invoke0(Native Method)
at sun.reflect.NativeMethodAccessorImpl.invoke(Unknown Source)
at sun.reflect.DelegatingMethodAccessorImpl.invoke(Unknown Source)
at java.lang.reflect.Method.invoke(Unknown Source)
at org.testng.internal.MethodInvocationHelper.invokeMethod(MethodInvocationHelper.java:133)
at org.testng.internal.MethodInvocationHelper.invokeMethodConsideringTimeout(MethodInvocationHelper.java:62)
at org.testng.internal.ConfigInvoker.invokeConfigurationMethod(ConfigInvoker.java:385)
at org.testng.internal.ConfigInvoker.invokeConfigurations(ConfigInvoker.java:321)
at org.testng.internal.TestInvoker.runConfigMethods(TestInvoker.java:700)
at org.testng.internal.TestInvoker.runAfterGroupsConfigurations(TestInvoker.java:676)
at org.testng.internal.TestInvoker.invokeMethod(TestInvoker.java:660)
at org.testng.internal.TestInvoker.invokeTestMethod(TestInvoker.java:173)
at org.testng.internal.MethodRunner.runInSequence(MethodRunner.java:46)
at org.testng.internal.TestInvoker$MethodInvocationAgent.invoke(TestInvoker.java:824)
at org.testng.internal.TestInvoker.invokeTestMethods(TestInvoker.java:146)
at org.testng.internal.TestMethodWorker.invokeTestMethods(TestMethodWorker.java:146)
at org.testng.internal.TestMethodWorker.run(TestMethodWorker.java:128)
at java.util.ArrayList.forEach(Unknown Source)
at org.testng.TestRunner.privateRun(TestRunner.java:794)
at org.testng.TestRunner.run(TestRunner.java:596)
at org.testng.SuiteRunner.runTest(SuiteRunner.java:377)
at org.testng.SuiteRunner.runSequentially(SuiteRunner.java:371)
at org.testng.SuiteRunner.privateRun(SuiteRunner.java:332)
at org.testng.SuiteRunner.run(SuiteRunner.java:276)
at org.testng.SuiteRunnerWorker.runSuite(SuiteRunnerWorker.java:53)
at org.testng.SuiteRunnerWorker.run(SuiteRunnerWorker.java:96)
at org.testng.TestNG.runSuitesSequentially(TestNG.java:1212)
at org.testng.TestNG.runSuitesLocally(TestNG.java:1134)
at org.testng.TestNG.runSuites(TestNG.java:1063)
at org.testng.TestNG.run(TestNG.java:1031)
at org.testng.remote.AbstractRemoteTestNG.run(AbstractRemoteTestNG.java:115)
at org.testng.remote.RemoteTestNG.initAndRun(RemoteTestNG.java:251)
at org.testng.remote.RemoteTestNG.main(RemoteTestNG.java:77)
]]>
            </full-stacktrace>
          </exception> <!-- org.openqa.selenium.WebDriverException -->
          <reporter-output>
          </reporter-output>
        </test-method> <!-- afterMethod -->
        <test-method status="SKIP" signature="afterClass()[pri:0, instance:KTCTC.regression.TextBoxTest@44a3ec6b]" name="afterClass" is-config="true" duration-ms="-1646734142038" started-at="2022-03-08T15:39:02 IST" finished-at="1970-01-01T05:30:00 IST">
          <reporter-output>
          </reporter-output>
        </test-method> <!-- afterClass -->
        <test-method status="PASS" signature="afterSuiteMethod()[pri:0, instance:KTCTC.regression.TextBoxTest@44a3ec6b]" name="afterSuiteMethod" is-config="true" duration-ms="798" started-at="2022-03-08T15:39:02 IST" finished-at="2022-03-08T15:39:03 IST">
          <reporter-output>
          </reporter-output>
        </test-method> <!-- afterSuiteMethod -->
      </class> <!-- KTCTC.regression.TextBoxTest -->
    </test> <!-- Default test -->
  </suite> <!-- Default suite -->
</testng-results>
